
**** Build of configuration Debug for project sample_uart_1 ****

"c:\\ti\\ccsv6\\utils\\bin\\gmake" -k all 
'Building file: ../main.c'
'Invoking: MSP430 Compiler'
"c:/ti/ccsv6/tools/compiler/msp430_4.3.3/bin/cl430" -vmsp --abi=eabi --include_path="c:/ti/ccsv6/ccs_base/msp430/include" --include_path="c:/ti/ccsv6/tools/compiler/msp430_4.3.3/include" --advice:power=all -g --define=__MSP430G2553__ --diag_warning=225 --display_error_number --diag_wrap=off --printf_support=minimal --preproc_with_compile --preproc_dependency="main.pp"  "../main.c"
"../main.c", line 39: remark #1527-D: (ULP 2.1) Detected SW delay loop using empty loop. Recommend using a timer module instead
"../main.c", line 43: remark #1544-D: (ULP 13.1) Detected loop counting up. Recommend loops count down as detecting zeros is easier
"../main.c", line 29: remark #1535-D: (ULP 8.1) variable "message" is used as a constant. Recommend declaring variable as either 'static const' or 'const'
"../main.c", line 74: remark #1527-D: (ULP 2.1) Detected SW delay loop using empty loop. Recommend using a timer module instead
"../main.c", line 108: remark #1544-D: (ULP 13.1) Detected loop counting up. Recommend loops count down as detecting zeros is easier
"../main.c", line 108: remark #1527-D: (ULP 2.1) Detected SW delay loop using empty loop. Recommend using a timer module instead
'Finished building: ../main.c'
' '
'Building target: sample_uart_1.out'
'Invoking: MSP430 Linker'
"c:/ti/ccsv6/tools/compiler/msp430_4.3.3/bin/cl430" -vmsp --abi=eabi --advice:power=all -g --define=__MSP430G2553__ --diag_warning=225 --display_error_number --diag_wrap=off --printf_support=minimal -z -m"sample_uart_1.map" --heap_size=80 --stack_size=80 -i"c:/ti/ccsv6/ccs_base/msp430/include" -i"c:/ti/ccsv6/tools/compiler/msp430_4.3.3/lib" -i"c:/ti/ccsv6/tools/compiler/msp430_4.3.3/include" --reread_libs --warn_sections --display_error_number --diag_wrap=off --xml_link_info="sample_uart_1_linkInfo.xml" --rom_model -o "sample_uart_1.out"  "./main.obj" "../lnk_msp430g2553.cmd" -l"libc.a" 
<Linking>
remark #10371-D: (ULP 1.1) Detected no uses of low power mode state changes using LPMx or _bis_SR_register() or __low_power_mode_x() in this project.
remark #10372-D: (ULP 4.1) Detected uninitialized Port 2 in this project. Recommend initializing all unused ports to eliminate wasted current consumption on unused pins.
remark #10372-D: (ULP 4.1) Detected uninitialized Port 3 in this project. Recommend initializing all unused ports to eliminate wasted current consumption on unused pins.
'Finished building target: sample_uart_1.out'
' '

**** Build Finished ****
